[2022-01-17 16:09:02,162] INFO Shutting down the log cleaner. (kafka.log.LogCleaner)
[2022-01-17 16:09:02,163] INFO [kafka-log-cleaner-thread-0]: Shutting down (kafka.log.LogCleaner)
[2022-01-17 16:09:02,163] INFO [kafka-log-cleaner-thread-0]: Stopped (kafka.log.LogCleaner)
[2022-01-17 16:09:02,163] INFO [kafka-log-cleaner-thread-0]: Shutdown completed (kafka.log.LogCleaner)
[2022-01-17 16:09:16,835] INFO Starting the log cleaner (kafka.log.LogCleaner)
[2022-01-17 16:09:16,891] INFO [kafka-log-cleaner-thread-0]: Starting (kafka.log.LogCleaner)
[2022-01-17 16:11:39,270] INFO Shutting down the log cleaner. (kafka.log.LogCleaner)
[2022-01-17 16:11:39,270] INFO [kafka-log-cleaner-thread-0]: Shutting down (kafka.log.LogCleaner)
[2022-01-17 16:11:39,271] INFO [kafka-log-cleaner-thread-0]: Stopped (kafka.log.LogCleaner)
[2022-01-17 16:11:39,271] INFO [kafka-log-cleaner-thread-0]: Shutdown completed (kafka.log.LogCleaner)
[2022-01-17 16:11:53,933] INFO Starting the log cleaner (kafka.log.LogCleaner)
[2022-01-17 16:11:53,988] INFO [kafka-log-cleaner-thread-0]: Starting (kafka.log.LogCleaner)
[2022-01-17 16:18:23,558] INFO Shutting down the log cleaner. (kafka.log.LogCleaner)
[2022-01-17 16:18:23,558] INFO [kafka-log-cleaner-thread-0]: Shutting down (kafka.log.LogCleaner)
[2022-01-17 16:18:23,558] INFO [kafka-log-cleaner-thread-0]: Stopped (kafka.log.LogCleaner)
[2022-01-17 16:18:23,558] INFO [kafka-log-cleaner-thread-0]: Shutdown completed (kafka.log.LogCleaner)
[2022-01-17 16:21:32,132] INFO Starting the log cleaner (kafka.log.LogCleaner)
[2022-01-17 16:21:32,189] INFO [kafka-log-cleaner-thread-0]: Starting (kafka.log.LogCleaner)
[2022-01-17 16:53:40,447] INFO Shutting down the log cleaner. (kafka.log.LogCleaner)
[2022-01-17 16:53:40,447] INFO [kafka-log-cleaner-thread-0]: Shutting down (kafka.log.LogCleaner)
[2022-01-17 16:53:40,447] INFO [kafka-log-cleaner-thread-0]: Stopped (kafka.log.LogCleaner)
[2022-01-17 16:53:40,447] INFO [kafka-log-cleaner-thread-0]: Shutdown completed (kafka.log.LogCleaner)
